mode: set
github.com/d4rkfella/postgres-init/main.go:31.40,34.20 3 1
github.com/d4rkfella/postgres-init/main.go:34.20,36.3 1 1
github.com/d4rkfella/postgres-init/main.go:37.2,37.18 1 1
github.com/d4rkfella/postgres-init/main.go:37.18,39.3 1 1
github.com/d4rkfella/postgres-init/main.go:40.2,41.20 2 1
github.com/d4rkfella/postgres-init/main.go:41.20,43.3 1 1
github.com/d4rkfella/postgres-init/main.go:44.2,44.18 1 1
github.com/d4rkfella/postgres-init/main.go:44.18,46.3 1 1
github.com/d4rkfella/postgres-init/main.go:47.2,47.20 1 1
github.com/d4rkfella/postgres-init/main.go:58.38,61.22 3 1
github.com/d4rkfella/postgres-init/main.go:61.22,63.3 1 1
github.com/d4rkfella/postgres-init/main.go:64.2,66.18 3 1
github.com/d4rkfella/postgres-init/main.go:66.18,68.3 1 1
github.com/d4rkfella/postgres-init/main.go:69.2,69.20 1 1
github.com/d4rkfella/postgres-init/main.go:101.33,104.19 3 1
github.com/d4rkfella/postgres-init/main.go:105.34,107.21 2 0
github.com/d4rkfella/postgres-init/main.go:108.17,110.20 2 1
github.com/d4rkfella/postgres-init/main.go:113.2,128.3 1 1
github.com/d4rkfella/postgres-init/main.go:131.88,134.30 2 1
github.com/d4rkfella/postgres-init/main.go:134.30,136.17 2 0
github.com/d4rkfella/postgres-init/main.go:136.17,144.4 1 0
github.com/d4rkfella/postgres-init/main.go:145.3,147.65 2 0
github.com/d4rkfella/postgres-init/main.go:147.65,149.4 1 0
github.com/d4rkfella/postgres-init/main.go:150.8,152.3 1 1
github.com/d4rkfella/postgres-init/main.go:154.2,154.18 1 1
github.com/d4rkfella/postgres-init/main.go:157.58,166.9 6 1
github.com/d4rkfella/postgres-init/main.go:167.69,168.76 1 0
github.com/d4rkfella/postgres-init/main.go:168.76,170.4 1 0
github.com/d4rkfella/postgres-init/main.go:170.9,172.4 1 0
github.com/d4rkfella/postgres-init/main.go:174.37,175.37 1 0
github.com/d4rkfella/postgres-init/main.go:177.10,178.52 1 1
github.com/d4rkfella/postgres-init/main.go:181.2,181.74 1 1
github.com/d4rkfella/postgres-init/main.go:184.84,186.29 2 1
github.com/d4rkfella/postgres-init/main.go:186.29,196.3 1 1
github.com/d4rkfella/postgres-init/main.go:199.2,200.9 2 1
github.com/d4rkfella/postgres-init/main.go:201.37,202.55 1 0
github.com/d4rkfella/postgres-init/main.go:203.43,204.20 1 1
github.com/d4rkfella/postgres-init/main.go:205.47,206.22 1 1
github.com/d4rkfella/postgres-init/main.go:210.2,211.19 2 1
github.com/d4rkfella/postgres-init/main.go:212.20,213.21 1 1
github.com/d4rkfella/postgres-init/main.go:214.16,216.56 2 1
github.com/d4rkfella/postgres-init/main.go:217.16,219.80 2 1
github.com/d4rkfella/postgres-init/main.go:219.80,222.5 2 1
github.com/d4rkfella/postgres-init/main.go:222.10,225.5 2 1
github.com/d4rkfella/postgres-init/main.go:226.11,228.67 2 1
github.com/d4rkfella/postgres-init/main.go:230.25,231.21 1 1
github.com/d4rkfella/postgres-init/main.go:232.16,234.62 2 1
github.com/d4rkfella/postgres-init/main.go:235.16,237.67 2 1
github.com/d4rkfella/postgres-init/main.go:238.11,240.71 2 1
github.com/d4rkfella/postgres-init/main.go:242.75,243.21 1 1
github.com/d4rkfella/postgres-init/main.go:244.16,246.67 2 1
github.com/d4rkfella/postgres-init/main.go:247.16,249.69 2 1
github.com/d4rkfella/postgres-init/main.go:250.16,252.54 2 1
github.com/d4rkfella/postgres-init/main.go:253.11,255.71 2 1
github.com/d4rkfella/postgres-init/main.go:257.10,259.42 2 1
github.com/d4rkfella/postgres-init/main.go:262.2,269.3 1 1
github.com/d4rkfella/postgres-init/main.go:272.42,274.2 1 1
github.com/d4rkfella/postgres-init/main.go:276.42,279.34 2 1
github.com/d4rkfella/postgres-init/main.go:279.34,281.3 1 1
github.com/d4rkfella/postgres-init/main.go:283.2,283.25 1 1
github.com/d4rkfella/postgres-init/main.go:283.25,284.63 1 1
github.com/d4rkfella/postgres-init/main.go:284.63,286.4 1 1
github.com/d4rkfella/postgres-init/main.go:289.2,289.25 1 1
github.com/d4rkfella/postgres-init/main.go:289.25,290.63 1 1
github.com/d4rkfella/postgres-init/main.go:290.63,292.4 1 1
github.com/d4rkfella/postgres-init/main.go:295.2,295.26 1 1
github.com/d4rkfella/postgres-init/main.go:295.26,296.47 1 1
github.com/d4rkfella/postgres-init/main.go:296.47,298.4 1 0
github.com/d4rkfella/postgres-init/main.go:301.2,301.27 1 1
github.com/d4rkfella/postgres-init/main.go:301.27,302.63 1 1
github.com/d4rkfella/postgres-init/main.go:302.63,304.4 1 0
github.com/d4rkfella/postgres-init/main.go:307.2,307.12 1 1
github.com/d4rkfella/postgres-init/main.go:310.57,311.42 1 1
github.com/d4rkfella/postgres-init/main.go:311.42,313.3 1 1
github.com/d4rkfella/postgres-init/main.go:314.2,314.21 1 0
github.com/d4rkfella/postgres-init/main.go:317.33,319.2 1 1
github.com/d4rkfella/postgres-init/main.go:321.36,322.13 1 1
github.com/d4rkfella/postgres-init/main.go:322.13,324.3 1 1
github.com/d4rkfella/postgres-init/main.go:325.2,325.17 1 1
github.com/d4rkfella/postgres-init/main.go:325.17,327.3 1 1
github.com/d4rkfella/postgres-init/main.go:328.2,328.53 1 1
github.com/d4rkfella/postgres-init/main.go:331.40,333.28 2 1
github.com/d4rkfella/postgres-init/main.go:333.28,335.3 1 1
github.com/d4rkfella/postgres-init/main.go:336.2,336.11 1 1
github.com/d4rkfella/postgres-init/main.go:339.42,341.2 1 1
github.com/d4rkfella/postgres-init/main.go:343.48,344.17 1 1
github.com/d4rkfella/postgres-init/main.go:345.24,346.19 1 1
github.com/d4rkfella/postgres-init/main.go:347.24,348.19 1 1
github.com/d4rkfella/postgres-init/main.go:349.24,350.19 1 1
github.com/d4rkfella/postgres-init/main.go:351.24,352.19 1 1
github.com/d4rkfella/postgres-init/main.go:353.10,354.19 1 1
github.com/d4rkfella/postgres-init/main.go:358.51,359.17 1 1
github.com/d4rkfella/postgres-init/main.go:360.24,361.35 1 1
github.com/d4rkfella/postgres-init/main.go:362.24,363.31 1 1
github.com/d4rkfella/postgres-init/main.go:364.42,365.37 1 1
github.com/d4rkfella/postgres-init/main.go:366.10,367.12 1 1
github.com/d4rkfella/postgres-init/main.go:371.51,372.17 1 1
github.com/d4rkfella/postgres-init/main.go:372.17,374.3 1 1
github.com/d4rkfella/postgres-init/main.go:376.2,394.49 3 1
github.com/d4rkfella/postgres-init/main.go:394.49,396.33 2 1
github.com/d4rkfella/postgres-init/main.go:396.33,398.4 1 1
github.com/d4rkfella/postgres-init/main.go:399.3,399.47 1 1
github.com/d4rkfella/postgres-init/main.go:402.2,402.43 1 1
github.com/d4rkfella/postgres-init/main.go:417.48,425.2 1 1
github.com/d4rkfella/postgres-init/main.go:427.42,428.21 1 1
github.com/d4rkfella/postgres-init/main.go:429.28,431.13 1 1
github.com/d4rkfella/postgres-init/main.go:432.34,433.28 1 1
github.com/d4rkfella/postgres-init/main.go:433.28,440.4 1 1
github.com/d4rkfella/postgres-init/main.go:441.3,441.53 1 1
github.com/d4rkfella/postgres-init/main.go:441.53,448.4 1 1
github.com/d4rkfella/postgres-init/main.go:449.3,449.13 1 1
github.com/d4rkfella/postgres-init/main.go:450.10,456.4 1 1
github.com/d4rkfella/postgres-init/main.go:460.35,472.33 3 1
github.com/d4rkfella/postgres-init/main.go:472.33,474.17 2 1
github.com/d4rkfella/postgres-init/main.go:474.17,481.4 1 1
github.com/d4rkfella/postgres-init/main.go:484.2,484.56 1 1
github.com/d4rkfella/postgres-init/main.go:484.56,492.3 1 1
github.com/d4rkfella/postgres-init/main.go:494.2,494.55 1 1
github.com/d4rkfella/postgres-init/main.go:494.55,502.3 1 0
github.com/d4rkfella/postgres-init/main.go:504.2,506.16 3 1
github.com/d4rkfella/postgres-init/main.go:506.16,514.3 1 0
github.com/d4rkfella/postgres-init/main.go:515.2,519.47 4 1
github.com/d4rkfella/postgres-init/main.go:519.47,521.3 1 0
github.com/d4rkfella/postgres-init/main.go:523.2,523.17 1 1
github.com/d4rkfella/postgres-init/main.go:537.40,544.2 1 1
github.com/d4rkfella/postgres-init/main.go:546.73,560.16 5 1
github.com/d4rkfella/postgres-init/main.go:560.16,567.3 1 0
github.com/d4rkfella/postgres-init/main.go:569.2,579.16 8 1
github.com/d4rkfella/postgres-init/main.go:579.16,581.75 1 0
github.com/d4rkfella/postgres-init/main.go:581.75,582.54 1 0
github.com/d4rkfella/postgres-init/main.go:582.54,586.5 2 0
github.com/d4rkfella/postgres-init/main.go:588.3,588.60 1 0
github.com/d4rkfella/postgres-init/main.go:591.2,591.15 1 1
github.com/d4rkfella/postgres-init/main.go:591.15,592.17 1 1
github.com/d4rkfella/postgres-init/main.go:592.17,595.4 2 1
github.com/d4rkfella/postgres-init/main.go:598.2,599.54 2 1
github.com/d4rkfella/postgres-init/main.go:599.54,601.17 2 1
github.com/d4rkfella/postgres-init/main.go:601.17,603.4 1 1
github.com/d4rkfella/postgres-init/main.go:606.3,606.75 1 1
github.com/d4rkfella/postgres-init/main.go:606.75,607.54 1 1
github.com/d4rkfella/postgres-init/main.go:607.54,610.5 1 1
github.com/d4rkfella/postgres-init/main.go:611.4,611.19 1 1
github.com/d4rkfella/postgres-init/main.go:612.9,614.4 1 0
github.com/d4rkfella/postgres-init/main.go:616.3,616.28 1 1
github.com/d4rkfella/postgres-init/main.go:616.28,620.11 2 0
github.com/d4rkfella/postgres-init/main.go:621.58,621.58 0 0
github.com/d4rkfella/postgres-init/main.go:622.22,625.28 3 0
github.com/d4rkfella/postgres-init/main.go:630.2,630.20 1 1
github.com/d4rkfella/postgres-init/main.go:630.20,632.3 1 1
github.com/d4rkfella/postgres-init/main.go:634.2,634.83 1 0
github.com/d4rkfella/postgres-init/main.go:637.113,641.16 2 1
github.com/d4rkfella/postgres-init/main.go:641.16,648.3 1 1
github.com/d4rkfella/postgres-init/main.go:650.2,650.15 1 1
github.com/d4rkfella/postgres-init/main.go:650.15,651.42 1 1
github.com/d4rkfella/postgres-init/main.go:651.42,653.4 1 0
github.com/d4rkfella/postgres-init/main.go:656.2,656.31 1 1
github.com/d4rkfella/postgres-init/main.go:656.31,658.3 1 1
github.com/d4rkfella/postgres-init/main.go:660.2,660.39 1 1
github.com/d4rkfella/postgres-init/main.go:660.39,667.3 1 0
github.com/d4rkfella/postgres-init/main.go:669.2,669.12 1 1
github.com/d4rkfella/postgres-init/main.go:672.71,674.57 1 1
github.com/d4rkfella/postgres-init/main.go:674.57,682.3 1 1
github.com/d4rkfella/postgres-init/main.go:684.2,684.82 1 1
github.com/d4rkfella/postgres-init/main.go:684.82,691.17 3 1
github.com/d4rkfella/postgres-init/main.go:691.17,699.4 1 0
github.com/d4rkfella/postgres-init/main.go:701.3,704.13 3 1
github.com/d4rkfella/postgres-init/main.go:704.13,711.4 3 1
github.com/d4rkfella/postgres-init/main.go:711.9,718.4 3 1
github.com/d4rkfella/postgres-init/main.go:720.3,720.45 1 1
github.com/d4rkfella/postgres-init/main.go:720.45,722.4 1 0
github.com/d4rkfella/postgres-init/main.go:724.3,724.13 1 1
github.com/d4rkfella/postgres-init/main.go:728.75,734.16 3 1
github.com/d4rkfella/postgres-init/main.go:734.16,742.3 1 0
github.com/d4rkfella/postgres-init/main.go:744.2,744.13 1 1
github.com/d4rkfella/postgres-init/main.go:744.13,751.17 4 1
github.com/d4rkfella/postgres-init/main.go:751.17,753.4 1 1
github.com/d4rkfella/postgres-init/main.go:756.2,756.88 1 1
github.com/d4rkfella/postgres-init/main.go:756.88,762.45 3 1
github.com/d4rkfella/postgres-init/main.go:762.45,764.4 1 1
github.com/d4rkfella/postgres-init/main.go:766.3,766.13 1 1
github.com/d4rkfella/postgres-init/main.go:774.13,775.30 1 0
github.com/d4rkfella/postgres-init/main.go:775.30,778.3 2 0
github.com/d4rkfella/postgres-init/main.go:779.2,779.83 1 0
github.com/d4rkfella/postgres-init/main.go:782.18,784.16 2 0
github.com/d4rkfella/postgres-init/main.go:784.16,786.3 1 0
github.com/d4rkfella/postgres-init/main.go:788.2,794.16 5 0
github.com/d4rkfella/postgres-init/main.go:794.16,796.3 1 0
github.com/d4rkfella/postgres-init/main.go:797.2,797.15 1 0
github.com/d4rkfella/postgres-init/main.go:797.15,800.3 2 0
github.com/d4rkfella/postgres-init/main.go:802.2,802.51 1 0
github.com/d4rkfella/postgres-init/main.go:802.51,804.3 1 0
github.com/d4rkfella/postgres-init/main.go:806.2,806.55 1 0
github.com/d4rkfella/postgres-init/main.go:806.55,808.3 1 0
github.com/d4rkfella/postgres-init/main.go:810.2,810.12 1 0
